2021-05-21 7:15:41 - MOD: Modification Default

FILE: system/engine/action.php
REGEX: ~(require|include)(_once)?\(([^)]+)~
LINE: 69

FILE: system/engine/loader.php
REGEX: ~(require|include)(_once)?\(([^)]+)~
LINE: 77
LINE: 151
LINE: 168

FILE: system/library/config.php
REGEX: ~(require|include)(_once)?\(([^)]+)~
LINE: 59

FILE: system/library/language.php
REGEX: ~(require|include)(_once)?\(([^)]+)~
LINE: 67
LINE: 73

FILE: system/library/template/template.php
REGEX: ~(require|include)(_once)?\(([^)]+)~
LINE: 18

FILE: system/library/template/twig.php
CODE: $loader = new \Twig_Loader_Filesystem(DIR_TEMPLATE);
LINE: 19
----------------------------------------------------------------
MOD: Russkij OpenCart 3x

FILE: admin/view/template/common/header.twig
CODE: {% for link in links %}
LINE: 35
CODE: <li><a href="http://www.opencart.com" target="_blank"><i class="fa fa-opencart fa-fw"></i> {{ text_homepage }}</a></li>
LINE: 66
CODE: <li><a href="http://docs.opencart.com" target="_blank"><i class="fa fa-file-text-o fa-fw"></i> {{ text_documentation }}</a></li>
LINE: 69
CODE: <li><a href="http://forum.opencart.com" target="_blank"><i class="fa fa-comments-o fa-fw"></i> {{ text_support }}</a></li>
LINE: 72

FILE: admin/view/template/catalog/product_form.twig
CODE: <label class="col-sm-2 control-label" for="input-sku"><span data-toggle="tooltip" title="{{ help_sku }}">{{ entry_sku }}</span></label>
LINE: 104
CODE: <label class="col-sm-2 control-label" for="input-sku">
LINE: 110
CODE: <label class="col-sm-2 control-label" for="input-location">{{ entry_location }}</label>
LINE: 150
CODE: <input type="text" name="model" value="{{ model }}" placeholder="{{ entry_model }}" id="input-model" class="form-control"/>
LINE: 97
CODE: <li><a href="#tab-recurring" data-toggle="tab">{{ tab_recurring }}</a></li>
LINE: 32

FILE: admin/controller/common/filemanager.php
CODE: $this->load->language('common/filemanager');
LINE: 13
CODE: // Parent
LINE: 133
CODE: $pagination = new Pagination();
LINE: 194
CODE: $directory = rtrim(DIR_IMAGE . 'catalog/' . str_replace('*', '', $this->request->get['directory']), '/');
LINE: 33
CODE: $directory = rtrim(DIR_IMAGE . 'catalog/' . str_replace('*', '', $this->request->get['directory']), '/');
LINE: 33
CODE: public function index() {
LINE: 10
CODE: $filename = basename(html_entity_decode($file['name'], ENT_QUOTES, 'UTF-8'));
LINE: 260
CODE: $folder = basename(html_entity_decode($this->request->post['folder'], ENT_QUOTES, 'UTF-8'));
LINE: 340

FILE: admin/view/template/common/filemanager.twig
CODE: {% for image in images|batch(4) %}
LINE: 34

FILE: catalog/controller/tool/upload.php
CODE: public function index() {
LINE: 10
CODE: $filename = basename(preg_replace('/[^a-zA-Z0-9\.\-\s+]/', '', html_entity_decode($this->request->files['file']['name'], ENT_QUOTES, 'UTF-8')));
LINE: 17

FILE: admin/controller/marketplace/extension.php
CODE: $data['type'] = '';
LINE: 26

FILE: admin/view/template/marketplace/marketplace_list.twig
CODE: {% if license.value == filter_license %}<a href="{{ license.href }}" class="btn btn-default active">{{ license.text }}</a>{% else %}<a href="{{ license.href }}" class="btn btn-default">{{ license.text }}</a>{% endif %}
LINE: 49

FILE: catalog/controller/information/contact.php
CODE: if (isset($this->error['name'])) {
LINE: 48
CODE: $data['comment'] = $this->config->get('config_comment');
LINE: 106
CODE: return !$this->error;
LINE: 205

FILE: catalog/view/theme/default/template/information/contact.twig
CODE: <div class="row">{{ column_left }}
LINE: 12
CODE: <div class="buttons">
LINE: 154
CODE: </form>
LINE: 162

FILE: admin/model/localisation/currency.php
CODE: public function refresh($force = false) {
LINE: 107
CODE: public function getTotalCurrencies() {
LINE: 205

FILE: admin/controller/extension/extension/promotion.php
CODE: $curl = curl_init();
LINE: 6

FILE: admin/view/template/sale/order_info.twig
CODE: function changeStatus(){
LINE: 606
CODE: $('select[name="order_status_id"]').change(function(){
LINE: 635
CODE: addOrderInfo();
LINE: 564
LINE: 567

FILE: admin/view/template/common/developer.twig
CODE: <td style="width: 150px;">{{ entry_cache }}</td>
LINE: 11

FILE: admin/controller/design/layout.php
CODE: public function edit() {
LINE: 49

FILE: admin/view/template/design/layout_form.twig
CODE: <h1>{{ heading_title }}</h1>
LINE: 7

FILE: admin/controller/mail/customer.php
CODE: $data['login'] = $store_url . 'index.php?route=account/login';
LINE: 38
CODE: $data['contact'] = $store_url . 'index.php?route=information/contact';
LINE: 96

FILE: catalog/controller/mail/affiliate.php
CODE: $customer_group_id = $args[1]['customer_group_id'];
LINE: 16
LINE: 72

FILE: admin/view/template/extension/payment/free_checkout.twig
CODE: free_checkout_order_status_id
LINE: 30
LINE: 32

FILE: admin/controller/extension/payment/free_checkout.php
CODE: free_checkout_order_status_id
LINE: 46
LINE: 47
LINE: 49

FILE: admin/model/localisation/language.php
CODE: $language_data = $this->cache->get('language');
LINE: 274

FILE: catalog/model/localisation/language.php
CODE: $language_data = $this->cache->get('language');
LINE: 9

FILE: catalog/controller/api/customer.php
CODE: foreach ($custom_fields as $custom_field) {
LINE: 68

FILE: catalog/controller/api/payment.php
CODE: foreach ($custom_fields as $custom_field) {
LINE: 71

FILE: catalog/controller/api/shipping.php
CODE: foreach ($custom_fields as $custom_field) {
LINE: 72

FILE: admin/view/template/common/footer.twig
CODE: <footer id="footer">
LINE: 0
CODE: <script src="/admin/view/javascript/jquery/noty/packaged/jquery.noty.packaged.js" type="text/javascript"></script>
NOT FOUND - OPERATION SKIPPED!
----------------------------------------------------------------
MOD: dev-opencart.com - Фильтр товаров OCFilter v.4.7.5

FILE: admin/controller/catalog/product.php
CODE: function getForm() {
LINE: 496
CODE: if (isset($this->error['warning']))
LINE: 382
LINE: 513

FILE: admin/controller/common/column_left.php
CODE: if ($this->user->hasPermission('access', 'catalog/filter')) {
LINE: 78

FILE: admin/language/en-gb/catalog/product.php
CODE: $_['text_success']
LINE: 12

FILE: admin/language/ru-ru/catalog/product.php
CODE: $_['text_success']
LINE: 12

FILE: admin/language/en-gb/common/column_left.php
CODE: $_['text_option']
LINE: 48

FILE: admin/language/ru-ru/common/column_left.php
CODE: $_['text_option']
LINE: 48

FILE: admin/model/catalog/product.php
CODE: if (isset($data['product_layout'])) {
LINE: 139
LINE: 316
CODE: $data['product_attribute'] = $this->getProductAttributes($product_id);
LINE: 344
CODE: $this->db->query("DELETE FROM " . DB_PREFIX . "product WHERE product_id = '" . (int)$product_id . "'");
LINE: 369
CODE: <script type="text/javascript">
LINE: 1167

FILE: catalog/controller/startup/startup.php
CODE: Cart($this->registry));
LINE: 189

FILE: catalog/controller/startup/seo_url.php
CODE: $this->url->addRewrite($this);
LINE: 12

FILE: catalog/model/catalog/product.php
CODE: $sql .= " LEFT JOIN " . DB_PREFIX . "product_description
LINE: 92
LINE: 464
CODE: if (!empty($data['filter_manufacturer_id
LINE: 173
LINE: 552

FILE: catalog/controller/product/category.php
CODE: $data['breadcrumbs'] = array();
LINE: 50
CODE: $product_total =
LINE: 184
CODE: if (isset($this->request->get['filter'])) {
LINE: 242
CODE: if (isset($this->request->get['filter'])) {
LINE: 317
CODE: if (isset($this->request->get['filter'])) {
LINE: 352
CODE: $data['limit'] = $limit;
LINE: 464

FILE: system/library/document.php
CODE: public function getLinks
LINE: 105
CODE: private $keywords;
LINE: 20
CODE: public function setTitle($title) {
LINE: 41

FILE: catalog/controller/common/header.php
CODE: getTitle();
LINE: 31

FILE: catalog/view/theme/default/template/common/header.twig
CODE: </title>
LINE: 18

FILE: catalog/language/en-gb/common/footer.php
CODE: http://opencart.pro/
NOT FOUND - OPERATIONS ABORTED!

FILE: catalog/language/ru-ru/common/footer.php
CODE: http://opencart.pro/
NOT FOUND - OPERATIONS ABORTED!
CODE: http://myopencart.com/
NOT FOUND - OPERATIONS ABORTED!
CODE: http://myopencart.com/
NOT FOUND - OPERATIONS ABORTED!
CODE: http://www.opencart.com
LINE: 16
CODE: http://www.opencart.com
NOT FOUND - OPERATIONS ABORTED!
CODE: http://lowenet.biz/
NOT FOUND - OPERATIONS ABORTED!
CODE: http://lowenet.biz/
NOT FOUND - OPERATIONS ABORTED!
----------------------------------------------------------------
MOD: Localcopy OCMOD Install Fix

FILE: admin/controller/marketplace/install.php
CODE: if ($safe) {
LINE: 165
CODE: if (is_dir($file) && !is_dir($path)) {
LINE: 221
----------------------------------------------------------------
MOD: System - Button Scroll to top
CODE: </head>
LINE: 62
CODE: <footer id="footer">
LINE: 20
CODE: </head>
LINE: 65

FILE: catalog/view/theme/default/template/common/footer.twig
CODE: </footer>
LINE: 61
----------------------------------------------------------------
2021-05-21 8:06:59 - MOD: Modification Default

FILE: system/engine/action.php
REGEX: ~(require|include)(_once)?\(([^)]+)~
LINE: 69

FILE: system/engine/loader.php
REGEX: ~(require|include)(_once)?\(([^)]+)~
LINE: 77
LINE: 151
LINE: 168

FILE: system/library/config.php
REGEX: ~(require|include)(_once)?\(([^)]+)~
LINE: 59

FILE: system/library/language.php
REGEX: ~(require|include)(_once)?\(([^)]+)~
LINE: 67
LINE: 73

FILE: system/library/template/template.php
REGEX: ~(require|include)(_once)?\(([^)]+)~
LINE: 18

FILE: system/library/template/twig.php
CODE: $loader = new \Twig_Loader_Filesystem(DIR_TEMPLATE);
LINE: 19
----------------------------------------------------------------
MOD: Russkij OpenCart 3x

FILE: admin/view/template/common/header.twig
CODE: {% for link in links %}
LINE: 35
CODE: <li><a href="http://www.opencart.com" target="_blank"><i class="fa fa-opencart fa-fw"></i> {{ text_homepage }}</a></li>
LINE: 66
CODE: <li><a href="http://docs.opencart.com" target="_blank"><i class="fa fa-file-text-o fa-fw"></i> {{ text_documentation }}</a></li>
LINE: 69
CODE: <li><a href="http://forum.opencart.com" target="_blank"><i class="fa fa-comments-o fa-fw"></i> {{ text_support }}</a></li>
LINE: 72

FILE: admin/view/template/catalog/product_form.twig
CODE: <label class="col-sm-2 control-label" for="input-sku"><span data-toggle="tooltip" title="{{ help_sku }}">{{ entry_sku }}</span></label>
LINE: 104
CODE: <label class="col-sm-2 control-label" for="input-sku">
LINE: 110
CODE: <label class="col-sm-2 control-label" for="input-location">{{ entry_location }}</label>
LINE: 150
CODE: <input type="text" name="model" value="{{ model }}" placeholder="{{ entry_model }}" id="input-model" class="form-control"/>
LINE: 97
CODE: <li><a href="#tab-recurring" data-toggle="tab">{{ tab_recurring }}</a></li>
LINE: 32

FILE: admin/controller/common/filemanager.php
CODE: $this->load->language('common/filemanager');
LINE: 13
CODE: // Parent
LINE: 133
CODE: $pagination = new Pagination();
LINE: 194
CODE: $directory = rtrim(DIR_IMAGE . 'catalog/' . str_replace('*', '', $this->request->get['directory']), '/');
LINE: 33
CODE: $directory = rtrim(DIR_IMAGE . 'catalog/' . str_replace('*', '', $this->request->get['directory']), '/');
LINE: 33
CODE: public function index() {
LINE: 10
CODE: $filename = basename(html_entity_decode($file['name'], ENT_QUOTES, 'UTF-8'));
LINE: 260
CODE: $folder = basename(html_entity_decode($this->request->post['folder'], ENT_QUOTES, 'UTF-8'));
LINE: 340

FILE: admin/view/template/common/filemanager.twig
CODE: {% for image in images|batch(4) %}
LINE: 34

FILE: catalog/controller/tool/upload.php
CODE: public function index() {
LINE: 10
CODE: $filename = basename(preg_replace('/[^a-zA-Z0-9\.\-\s+]/', '', html_entity_decode($this->request->files['file']['name'], ENT_QUOTES, 'UTF-8')));
LINE: 17

FILE: admin/controller/marketplace/extension.php
CODE: $data['type'] = '';
LINE: 26

FILE: admin/view/template/marketplace/marketplace_list.twig
CODE: {% if license.value == filter_license %}<a href="{{ license.href }}" class="btn btn-default active">{{ license.text }}</a>{% else %}<a href="{{ license.href }}" class="btn btn-default">{{ license.text }}</a>{% endif %}
LINE: 49

FILE: catalog/controller/information/contact.php
CODE: if (isset($this->error['name'])) {
LINE: 48
CODE: $data['comment'] = $this->config->get('config_comment');
LINE: 106
CODE: return !$this->error;
LINE: 205

FILE: catalog/view/theme/default/template/information/contact.twig
CODE: <div class="row">{{ column_left }}
LINE: 12
CODE: <div class="buttons">
LINE: 154
CODE: </form>
LINE: 162

FILE: admin/model/localisation/currency.php
CODE: public function refresh($force = false) {
LINE: 107
CODE: public function getTotalCurrencies() {
LINE: 205

FILE: admin/controller/extension/extension/promotion.php
CODE: $curl = curl_init();
LINE: 6

FILE: admin/view/template/sale/order_info.twig
CODE: function changeStatus(){
LINE: 606
CODE: $('select[name="order_status_id"]').change(function(){
LINE: 635
CODE: addOrderInfo();
LINE: 564
LINE: 567

FILE: admin/view/template/common/developer.twig
CODE: <td style="width: 150px;">{{ entry_cache }}</td>
LINE: 11

FILE: admin/controller/design/layout.php
CODE: public function edit() {
LINE: 49

FILE: admin/view/template/design/layout_form.twig
CODE: <h1>{{ heading_title }}</h1>
LINE: 7

FILE: admin/controller/mail/customer.php
CODE: $data['login'] = $store_url . 'index.php?route=account/login';
LINE: 38
CODE: $data['contact'] = $store_url . 'index.php?route=information/contact';
LINE: 96

FILE: catalog/controller/mail/affiliate.php
CODE: $customer_group_id = $args[1]['customer_group_id'];
LINE: 16
LINE: 72

FILE: admin/view/template/extension/payment/free_checkout.twig
CODE: free_checkout_order_status_id
LINE: 30
LINE: 32

FILE: admin/controller/extension/payment/free_checkout.php
CODE: free_checkout_order_status_id
LINE: 46
LINE: 47
LINE: 49

FILE: admin/model/localisation/language.php
CODE: $language_data = $this->cache->get('language');
LINE: 274

FILE: catalog/model/localisation/language.php
CODE: $language_data = $this->cache->get('language');
LINE: 9

FILE: catalog/controller/api/customer.php
CODE: foreach ($custom_fields as $custom_field) {
LINE: 68

FILE: catalog/controller/api/payment.php
CODE: foreach ($custom_fields as $custom_field) {
LINE: 71

FILE: catalog/controller/api/shipping.php
CODE: foreach ($custom_fields as $custom_field) {
LINE: 72

FILE: admin/view/template/common/footer.twig
CODE: <footer id="footer">
LINE: 0
CODE: <script src="/admin/view/javascript/jquery/noty/packaged/jquery.noty.packaged.js" type="text/javascript"></script>
NOT FOUND - OPERATION SKIPPED!
----------------------------------------------------------------
MOD: dev-opencart.com - Фильтр товаров OCFilter v.4.7.5

FILE: admin/controller/catalog/product.php
CODE: function getForm() {
LINE: 496
CODE: if (isset($this->error['warning']))
LINE: 382
LINE: 513

FILE: admin/controller/common/column_left.php
CODE: if ($this->user->hasPermission('access', 'catalog/filter')) {
LINE: 78

FILE: admin/language/en-gb/catalog/product.php
CODE: $_['text_success']
LINE: 12

FILE: admin/language/ru-ru/catalog/product.php
CODE: $_['text_success']
LINE: 12

FILE: admin/language/en-gb/common/column_left.php
CODE: $_['text_option']
LINE: 48

FILE: admin/language/ru-ru/common/column_left.php
CODE: $_['text_option']
LINE: 48

FILE: admin/model/catalog/product.php
CODE: if (isset($data['product_layout'])) {
LINE: 139
LINE: 316
CODE: $data['product_attribute'] = $this->getProductAttributes($product_id);
LINE: 344
CODE: $this->db->query("DELETE FROM " . DB_PREFIX . "product WHERE product_id = '" . (int)$product_id . "'");
LINE: 369
CODE: <script type="text/javascript">
LINE: 1167

FILE: catalog/controller/startup/startup.php
CODE: Cart($this->registry));
LINE: 189

FILE: catalog/controller/startup/seo_url.php
CODE: $this->url->addRewrite($this);
LINE: 12

FILE: catalog/model/catalog/product.php
CODE: $sql .= " LEFT JOIN " . DB_PREFIX . "product_description
LINE: 92
LINE: 464
CODE: if (!empty($data['filter_manufacturer_id
LINE: 173
LINE: 552

FILE: catalog/controller/product/category.php
CODE: $data['breadcrumbs'] = array();
LINE: 50
CODE: $product_total =
LINE: 184
CODE: if (isset($this->request->get['filter'])) {
LINE: 242
CODE: if (isset($this->request->get['filter'])) {
LINE: 317
CODE: if (isset($this->request->get['filter'])) {
LINE: 352
CODE: $data['limit'] = $limit;
LINE: 464

FILE: system/library/document.php
CODE: public function getLinks
LINE: 105
CODE: private $keywords;
LINE: 20
CODE: public function setTitle($title) {
LINE: 41

FILE: catalog/controller/common/header.php
CODE: getTitle();
LINE: 31

FILE: catalog/view/theme/default/template/common/header.twig
CODE: </title>
LINE: 18

FILE: catalog/language/en-gb/common/footer.php
CODE: http://opencart.pro/
NOT FOUND - OPERATIONS ABORTED!

FILE: catalog/language/ru-ru/common/footer.php
CODE: http://opencart.pro/
NOT FOUND - OPERATIONS ABORTED!

FILE: catalog/language/uk-ua/common/footer.php
CODE: http://opencart.pro/
NOT FOUND - OPERATIONS ABORTED!
CODE: http://myopencart.com/
NOT FOUND - OPERATIONS ABORTED!
CODE: http://myopencart.com/
NOT FOUND - OPERATIONS ABORTED!
CODE: http://myopencart.com/
NOT FOUND - OPERATIONS ABORTED!
CODE: http://www.opencart.com
LINE: 16
CODE: http://www.opencart.com
NOT FOUND - OPERATIONS ABORTED!
CODE: http://www.opencart.com
NOT FOUND - OPERATIONS ABORTED!
CODE: http://lowenet.biz/
NOT FOUND - OPERATIONS ABORTED!
CODE: http://lowenet.biz/
NOT FOUND - OPERATIONS ABORTED!
CODE: http://lowenet.biz/
NOT FOUND - OPERATIONS ABORTED!
----------------------------------------------------------------
MOD: Localcopy OCMOD Install Fix

FILE: admin/controller/marketplace/install.php
CODE: if ($safe) {
LINE: 165
CODE: if (is_dir($file) && !is_dir($path)) {
LINE: 221
----------------------------------------------------------------
MOD: System - Button Scroll to top
CODE: </head>
LINE: 62
CODE: <footer id="footer">
LINE: 20
CODE: </head>
LINE: 65

FILE: catalog/view/theme/default/template/common/footer.twig
CODE: </footer>
LINE: 61
----------------------------------------------------------------
MOD: Українська мова / Украинский язык
----------------------------------------------------------------
